c:\users\hasee\documents\visual studio 2015\projects\parkinglot\parkinglot\debug\parkinglot.pch
c:\users\hasee\documents\visual studio 2015\projects\parkinglot\parkinglot\debug\vc140.pdb
c:\users\hasee\documents\visual studio 2015\projects\parkinglot\parkinglot\debug\vc140.idb
c:\users\hasee\documents\visual studio 2015\projects\parkinglot\parkinglot\debug\stdafx.obj
c:\users\hasee\documents\visual studio 2015\projects\parkinglot\parkinglot\debug\parkinglotdlg.obj
c:\users\hasee\documents\visual studio 2015\projects\parkinglot\parkinglot\debug\parkinglot.obj
c:\users\hasee\documents\visual studio 2015\projects\parkinglot\parkinglot\debug\start.obj
c:\users\hasee\documents\visual studio 2015\projects\parkinglot\debug\parkinglot.ilk
c:\users\hasee\documents\visual studio 2015\projects\parkinglot\debug\parkinglot.exe
c:\users\hasee\documents\visual studio 2015\projects\parkinglot\debug\parkinglot.pdb
c:\users\hasee\documents\visual studio 2015\projects\parkinglot\parkinglot\debug\parkinglot.res
c:\users\hasee\documents\visual studio 2015\projects\parkinglot\parkinglot\debug\parkinglot.tlog\cl.command.1.tlog
c:\users\hasee\documents\visual studio 2015\projects\parkinglot\parkinglot\debug\parkinglot.tlog\cl.read.1.tlog
c:\users\hasee\documents\visual studio 2015\projects\parkinglot\parkinglot\debug\parkinglot.tlog\cl.write.1.tlog
c:\users\hasee\documents\visual studio 2015\projects\parkinglot\parkinglot\debug\parkinglot.tlog\link.command.1.tlog
c:\users\hasee\documents\visual studio 2015\projects\parkinglot\parkinglot\debug\parkinglot.tlog\link.read.1.tlog
c:\users\hasee\documents\visual studio 2015\projects\parkinglot\parkinglot\debug\parkinglot.tlog\link.write.1.tlog
c:\users\hasee\documents\visual studio 2015\projects\parkinglot\parkinglot\debug\parkinglot.tlog\rc.command.1.tlog
c:\users\hasee\documents\visual studio 2015\projects\parkinglot\parkinglot\debug\parkinglot.tlog\rc.read.1.tlog
c:\users\hasee\documents\visual studio 2015\projects\parkinglot\parkinglot\debug\parkinglot.tlog\rc.write.1.tlog
